0 info it worked if it ends with ok
1 verbose cli [ '/usr/local/bin/node', '/usr/local/bin/npm', 'run', 'deploy' ]
2 info using npm@3.10.10
3 info using node@v7.2.1
4 verbose run-script [ 'predeploy', 'deploy', 'postdeploy' ]
5 info lifecycle tour@1.0.0~predeploy: tour@1.0.0
6 silly lifecycle tour@1.0.0~predeploy: no script for predeploy, continuing
7 info lifecycle tour@1.0.0~deploy: tour@1.0.0
8 verbose lifecycle tour@1.0.0~deploy: unsafe-perm in lifecycle true
9 verbose lifecycle tour@1.0.0~deploy: PATH: /usr/local/lib/node_modules/npm/bin/node-gyp-bin:/Users/chenzhipeng/Project/VR/AFRAME/demo/aframe-tour/tour/node_modules/.bin:/usr/local/bin:/usr/bin:/bin:/usr/sbin:/sbin:/opt/X11/bin
10 verbose lifecycle tour@1.0.0~deploy: CWD: /Users/chenzhipeng/Project/VR/AFRAME/demo/aframe-tour/tour
11 silly lifecycle tour@1.0.0~deploy: Args: [ '-c', 'ghpages' ]
12 info lifecycle tour@1.0.0~deploy: Failed to exec deploy script
13 verbose stack Error: tour@1.0.0 deploy: `ghpages`
13 verbose stack spawn ENOENT
13 verbose stack     at ChildProcess.<anonymous> (/usr/local/lib/node_modules/npm/lib/utils/spawn.js:33:16)
13 verbose stack     at emitTwo (events.js:106:13)
13 verbose stack     at ChildProcess.emit (events.js:191:7)
13 verbose stack     at maybeClose (internal/child_process.js:885:16)
13 verbose stack     at Process.ChildProcess._handle.onexit (internal/child_process.js:226:5)
14 verbose pkgid tour@1.0.0
15 verbose cwd /Users/chenzhipeng/Project/VR/AFRAME/demo/aframe-tour/tour
16 error Darwin 17.3.0
17 error argv "/usr/local/bin/node" "/usr/local/bin/npm" "run" "deploy"
18 error node v7.2.1
19 error npm  v3.10.10
20 error file sh
21 error code ELIFECYCLE
22 error errno ENOENT
23 error syscall spawn
24 error tour@1.0.0 deploy: `ghpages`
24 error spawn ENOENT
25 error Failed at the tour@1.0.0 deploy script 'ghpages'.
25 error Make sure you have the latest version of node.js and npm installed.
25 error If you do, this is most likely a problem with the tour package,
25 error not with npm itself.
25 error Tell the author that this fails on your system:
25 error     ghpages
25 error You can get information on how to open an issue for this project with:
25 error     npm bugs tour
25 error Or if that isn't available, you can get their info via:
25 error     npm owner ls tour
25 error There is likely additional logging output above.
26 verbose exit [ 1, true ]
